<?xml version="1.0" encoding="UTF-8"?>
<testng-results skipped="0" failed="0" ignored="0" total="1" passed="1">
  <reporter-output>
  </reporter-output>
  <suite name="Default suite" duration-ms="30932" started-at="2019-07-22T11:02:00Z" finished-at="2019-07-22T11:02:31Z">
    <groups>
    </groups>
    <test name="Default test" duration-ms="30932" started-at="2019-07-22T11:02:00Z" finished-at="2019-07-22T11:02:31Z">
      <class name="com.training.sanity.tests.DatabaseStudent">
        <test-method status="PASS" signature="setUpBeforeClass()[pri:0, instance:com.training.sanity.tests.DatabaseStudent@42d80b78]" name="setUpBeforeClass" is-config="true" duration-ms="7885" started-at="2019-07-22T11:02:00Z" finished-at="2019-07-22T11:02:08Z">
          <reporter-output>
          </reporter-output>
        </test-method> <!-- setUpBeforeClass -->
        <test-method status="PASS" signature="validateStudent()[pri:0, instance:com.training.sanity.tests.DatabaseStudent@42d80b78]" name="validateStudent" duration-ms="21106" started-at="2019-07-22T11:02:08Z" finished-at="2019-07-22T11:02:29Z">
          <reporter-output>
          </reporter-output>
        </test-method> <!-- validateStudent -->
        <test-method status="PASS" signature="tearDown()[pri:0, instance:com.training.sanity.tests.DatabaseStudent@42d80b78]" name="tearDown" is-config="true" duration-ms="1911" started-at="2019-07-22T11:02:29Z" finished-at="2019-07-22T11:02:31Z">
          <reporter-output>
          </reporter-output>
        </test-method> <!-- tearDown -->
      </class> <!-- com.training.sanity.tests.DatabaseStudent -->
    </test> <!-- Default test -->
  </suite> <!-- Default suite -->
</testng-results>
