<?xml version="1.0" encoding="UTF-8"?>
<testng-results skipped="0" failed="0" total="1" passed="1">
  <reporter-output>
  </reporter-output>
  <suite name="Default suite" duration-ms="14060" started-at="2019-06-18T11:35:16Z" finished-at="2019-06-18T11:35:30Z">
    <groups>
    </groups>
    <test name="Default test" duration-ms="14060" started-at="2019-06-18T11:35:16Z" finished-at="2019-06-18T11:35:30Z">
      <class name="com.training.sanity.tests.ChangePassword">
        <test-method status="PASS" signature="setUpBeforeClass()[pri:0, instance:com.training.sanity.tests.ChangePassword@ea4a92b]" name="setUpBeforeClass" is-config="true" duration-ms="5727" started-at="2019-06-18T17:05:16Z" finished-at="2019-06-18T17:05:22Z">
          <reporter-output>
          </reporter-output>
        </test-method> <!-- setUpBeforeClass -->
        <test-method status="PASS" signature="ChnagePasswordTest()[pri:0, instance:com.training.sanity.tests.ChangePassword@ea4a92b]" name="ChnagePasswordTest" duration-ms="8313" started-at="2019-06-18T17:05:22Z" finished-at="2019-06-18T17:05:30Z">
          <reporter-output>
          </reporter-output>
        </test-method> <!-- ChnagePasswordTest -->
      </class> <!-- com.training.sanity.tests.ChangePassword -->
    </test> <!-- Default test -->
  </suite> <!-- Default suite -->
</testng-results>
